{"level":"error","message":"timestamp: 1663605905759 - Username: coderhouse2 - Fail Login"}
{"level":"error","message":"timestamp: 1663630929446 - Username: coderhouse_noadmin - Fail Signup"}
{"level":"error","message":"timestamp: 1663634692077 - Username: sdf - Fail Signup"}
{"level":"error","message":"timestamp: 1663634743372 - Username: fdg - Fail Signup"}
{"level":"error","message":"timestamp: 1663702191049 - Username: a - Fail Signup"}
{"level":"error","message":"timestamp: 1663702588114 - Username: a - Fail Signup"}
{"level":"error","message":"timestamp: 1663703708578 - Username: a - Fail Login"}
{"level":"error","message":"timestamp: 1663708553286 - email: coderhouse - Fail Login"}
{"level":"error","message":"timestamp: 1663709723579 - email: coderhouse - Fail Login"}
{"level":"error","message":"timestamp: 1663714476834 - email: coderhouse - Fail Login"}
{"level":"error","message":"timestamp: 1663728208813 - Username: asdasdasd - Fail Signup"}
{"level":"error","message":"timestamp: 1663729714694 - Username: test00@gmail.com - Fail Signup"}
{"level":"error","message":"timestamp: 1663729724526 - Username: test00@gmail.com - Fail Signup"}
{"level":"error","message":"timestamp: 1663729742803 - Username: test00@gmail.com - Fail Signup"}
{"level":"error","message":"timestamp: 1663729754068 - Username: test00@gmail.com - Fail Signup"}
{"level":"error","message":"timestamp: 1663729849859 - Username: test00@gmail.com - Fail Signup"}
{"level":"error","message":"timestamp: 1663729884949 - Username: test00@gmail.com - Fail Signup"}
{"level":"error","message":"timestamp: 1663729891861 - Username: test00@gmail.com - Fail Signup"}
{"level":"error","message":"timestamp: 1663729930858 - Username: test00@gmail.com - Fail Signup"}
{"level":"error","message":"timestamp: 1663730229514 - Username: test00@gmail.com - Fail Signup"}
{"level":"error","message":"timestamp: 1663767309553 - email: tito20 - Fail Login"}
{"level":"error","message":"timestamp: 1663782535932 - email: coderhouse - Fail Login"}
{"level":"error","message":"timestamp: 1663788448193 - email: coderhouse_admin - Fail Login"}
{"level":"error","message":"timestamp: 1663789316497 - email: coderhouse_admin - Fail Login"}
{"level":"error","message":"timestamp: 1663791384533 - email: coderhouse_admin - Fail Login"}
{"level":"error","message":"timestamp: 1663792013289 - email: coderhouse_admin - Fail Login"}
{"level":"error","message":"timestamp: 1663804425869 - email: oscarlper@gmail.com - Fail Login"}
{"level":"error","message":"timestamp: 1663812666901 - Username: oscarlper@gmail.com - Fail Signup"}
